0 info it worked if it ends with ok
1 verbose cli [ 'node', '/usr/local/bin/npm', 'run', 'dev' ]
2 info using npm@3.9.5
3 info using node@v0.12.7
4 verbose run-script [ 'predev', 'dev', 'postdev' ]
5 info lifecycle video-grabber@1.0.0~predev: video-grabber@1.0.0
6 silly lifecycle video-grabber@1.0.0~predev: no script for predev, continuing
7 info lifecycle video-grabber@1.0.0~dev: video-grabber@1.0.0
8 verbose lifecycle video-grabber@1.0.0~dev: unsafe-perm in lifecycle true
9 verbose lifecycle video-grabber@1.0.0~dev: PATH: /usr/local/lib/node_modules/npm/bin/node-gyp-bin:/Users/dev/Desktop/video-grabber/node_modules/.bin:/usr/local/bin:/usr/local/bin:/usr/bin:/bin:/usr/sbin:/sbin:/usr/local/git/bin
10 verbose lifecycle video-grabber@1.0.0~dev: CWD: /Users/dev/Desktop/video-grabber
11 silly lifecycle video-grabber@1.0.0~dev: Args: [ '-c',
11 silly lifecycle   'webpack-dev-server --content-base ./client --inline --hot' ]
12 silly lifecycle video-grabber@1.0.0~dev: Returned: code: 1  signal: null
13 info lifecycle video-grabber@1.0.0~dev: Failed to exec dev script
14 verbose stack Error: video-grabber@1.0.0 dev: `webpack-dev-server --content-base ./client --inline --hot`
14 verbose stack Exit status 1
14 verbose stack     at EventEmitter.<anonymous> (/usr/local/lib/node_modules/npm/lib/utils/lifecycle.js:245:16)
14 verbose stack     at EventEmitter.emit (events.js:110:17)
14 verbose stack     at ChildProcess.<anonymous> (/usr/local/lib/node_modules/npm/lib/utils/spawn.js:24:14)
14 verbose stack     at ChildProcess.emit (events.js:110:17)
14 verbose stack     at maybeClose (child_process.js:1015:16)
14 verbose stack     at Process.ChildProcess._handle.onexit (child_process.js:1087:5)
15 verbose pkgid video-grabber@1.0.0
16 verbose cwd /Users/dev/Desktop/video-grabber/client
17 error Darwin 15.4.0
18 error argv "node" "/usr/local/bin/npm" "run" "dev"
19 error node v0.12.7
20 error npm  v3.9.5
21 error code ELIFECYCLE
22 error video-grabber@1.0.0 dev: `webpack-dev-server --content-base ./client --inline --hot`
22 error Exit status 1
23 error Failed at the video-grabber@1.0.0 dev script 'webpack-dev-server --content-base ./client --inline --hot'.
23 error Make sure you have the latest version of node.js and npm installed.
23 error If you do, this is most likely a problem with the video-grabber package,
23 error not with npm itself.
23 error Tell the author that this fails on your system:
23 error     webpack-dev-server --content-base ./client --inline --hot
23 error You can get information on how to open an issue for this project with:
23 error     npm bugs video-grabber
23 error Or if that isn't available, you can get their info via:
23 error     npm owner ls video-grabber
23 error There is likely additional logging output above.
24 verbose exit [ 1, true ]
